#
# There is insufficient memory for the Java Runtime Environment to continue.
# Native memory allocation (mmap) failed to map 4128768 bytes. Error detail: G1 virtual space
# Possible reasons:
#   The system is out of physical RAM or swap space
#   This process is running with CompressedOops enabled, and the Java Heap may be blocking the growth of the native heap
# Possible solutions:
#   Reduce memory load on the system
#   Increase physical memory or swap space
#   Check if swap backing store is full
#   Decrease Java heap size (-Xmx/-Xms)
#   Decrease number of Java threads
#   Decrease Java thread stack sizes (-Xss)
#   Set larger code cache with -XX:ReservedCodeCacheSize=
#   JVM is running with Zero Based Compressed Oops mode in which the Java heap is
#     placed in the first 32GB address space. The Java Heap base address is the
#     maximum limit for the native heap growth. Please use -XX:HeapBaseMinAddress
#     to set the Java Heap base and to place the Java Heap above 32GB virtual address.
# This output file may be truncated or incomplete.
#
#  Out of Memory Error (os_windows.cpp:3618), pid=6244, tid=6852
#
# JRE version:  (17.0.14+7) (build )
# Java VM: OpenJDK 64-Bit Server VM (17.0.14+7-LTS, mixed mode, emulated-client, sharing, tiered, compressed oops, compressed class ptrs, g1 gc, windows-amd64)
# No core dump will be written. Minidumps are not enabled by default on client versions of Windows
#

---------------  S U M M A R Y ------------

Command Line: -XX:TieredStopAtLevel=1 -Dspring.output.ansi.enabled=always -Dcom.sun.management.jmxremote -Dspring.jmx.enabled=true -Dspring.liveBeansView.mbeanDomain -Dspring.application.admin.enabled=true -Dmanagement.endpoints.jmx.exposure.include=* -javaagent:C:\Program Files\JetBrains\IntelliJ IDEA 2024.3.4.1\lib\idea_rt.jar=57458 -Dfile.encoding=UTF-8 com.parkmate.reviewservice.ReviewserviceApplication

Host: 11th Gen Intel(R) Core(TM) i7-11600H @ 2.90GHz, 12 cores, 15G,  Windows 10 , 64 bit Build 19041 (10.0.19041.5915)
Time: Thu Jun 19 14:57:36 2025  Windows 10 , 64 bit Build 19041 (10.0.19041.5915) elapsed time: 0.019306 seconds (0d 0h 0m 0s)

---------------  T H R E A D  ---------------

Current thread (0x0000018be75f5890):  JavaThread "Unknown thread" [_thread_in_vm, id=6852, stack(0x0000001636900000,0x0000001636a00000)]

Stack: [0x0000001636900000,0x0000001636a00000]
Native frames: (J=compiled Java code, j=interpreted, Vv=VM code, C=native code)
V  [jvm.dll+0x681069]
V  [jvm.dll+0x838cca]
V  [jvm.dll+0x83a78e]
V  [jvm.dll+0x83adf3]
V  [jvm.dll+0x24826f]
V  [jvm.dll+0x67dd99]
V  [jvm.dll+0x67286a]
V  [jvm.dll+0x30826b]
V  [jvm.dll+0x30f756]
V  [jvm.dll+0x35fae3]
V  [jvm.dll+0x35fd0f]
V  [jvm.dll+0x2df21c]
V  [jvm.dll+0x2e0174]
V  [jvm.dll+0x80a48b]
V  [jvm.dll+0x36d841]
V  [jvm.dll+0x7e8db5]
V  [jvm.dll+0x3f154f]
V  [jvm.dll+0x3f30c1]
C  [jli.dll+0x52ab]
C  [ucrtbase.dll+0x21bb2]
C  [KERNEL32.DLL+0x17374]
C  [ntdll.dll+0x4cc91]


---------------  P R O C E S S  ---------------

Threads class SMR info:
_java_thread_list=0x00007ffb97908f18, length=0, elements={
}

Java Threads: ( => current thread )

Other Threads:
  0x0000018be7662f60 GCTaskThread "GC Thread#0" [stack: 0x0000001636a00000,0x0000001636b00000] [id=17652]
  0x0000018be553dee0 ConcurrentGCThread "G1 Main Marker" [stack: 0x0000001636b00000,0x0000001636c00000] [id=26308]
  0x0000018be553e810 ConcurrentGCThread "G1 Conc#0" [stack: 0x0000001636c00000,0x0000001636d00000] [id=14564]

[error occurred during error reporting (printing all threads), id 0xc0000005, EXCEPTION_ACCESS_VIOLATION (0xc0000005) at pc=0x00007ffb970bf957]

VM state: not at safepoint (not fully initialized)

VM Mutex/Monitor currently owned by a thread:  ([mutex/lock_event])
[0x0000018be75f0ac0] Heap_lock - owner thread: 0x0000018be75f5890

Heap address: 0x0000000704000000, size: 4032 MB, Compressed Oops mode: Zero based, Oop shift amount: 3

CDS archive(s) mapped at: [0x0000000000000000-0x0000000000000000-0x0000000000000000), size 0, SharedBaseAddress: 0x0000000800000000, ArchiveRelocationMode: 1.
Narrow klass base: 0x0000000000000000, Narrow klass shift: 0, Narrow klass range: 0x0

GC Precious Log:
<Empty>

Heap:
 garbage-first heap   total 0K, used 0K [0x0000000704000000, 0x0000000800000000)
  region size 2048K, 0 young (0K), 0 survivors (0K)

[error occurred during error reporting (printing heap information), id 0xc0000005, EXCEPTION_ACCESS_VIOLATION (0xc0000005) at pc=0x00007ffb974aa2b9]

GC Heap History (0 events):
No events

Dll operation events (1 events):
Event: 0.009 Loaded shared library C:\Users\ssginc29\.jdks\corretto-17.0.14\bin\java.dll

Deoptimization events (0 events):
No events

Classes loaded (0 events):
No events

Classes unloaded (0 events):
No events

Classes redefined (0 events):
No events

Internal exceptions (0 events):
No events

VM Operations (0 events):
No events

Memory protections (0 events):
No events

Nmethod flushes (0 events):
No events

Events (0 events):
No events


Dynamic libraries:
0x00007ff7173d0000 - 0x00007ff7173de000 	C:\Users\ssginc29\.jdks\corretto-17.0.14\bin\java.exe
0x00007ffbdb6f0000 - 0x00007ffbdb8e8000 	C:\Windows\SYSTEM32\ntdll.dll
0x00007ffbda540000 - 0x00007ffbda602000 	C:\Windows\System32\KERNEL32.DLL
0x00007ffbd8f60000 - 0x00007ffbd9256000 	C:\Windows\System32\KERNELBASE.dll
0x00007ffbd92b0000 - 0x00007ffbd93b0000 	C:\Windows\System32\ucrtbase.dll
0x00007ffbb0e60000 - 0x00007ffbb0e77000 	C:\Users\ssginc29\.jdks\corretto-17.0.14\bin\jli.dll
0x00007ffbb0e40000 - 0x00007ffbb0e5b000 	C:\Users\ssginc29\.jdks\corretto-17.0.14\bin\VCRUNTIME140.dll
0x00007ffbda100000 - 0x00007ffbda29d000 	C:\Windows\System32\USER32.dll
0x00007ffbd9450000 - 0x00007ffbd9472000 	C:\Windows\System32\win32u.dll
0x00007ffbd9d30000 - 0x00007ffbd9d5b000 	C:\Windows\System32\GDI32.dll
0x00007ffbba3a0000 - 0x00007ffbba63a000 	C:\Windows\WinSxS\amd64_microsoft.windows.common-controls_6595b64144ccf1df_6.0.19041.5915_none_60b4b9d171f9c7c7\COMCTL32.dll
0x00007ffbd9480000 - 0x00007ffbd9599000 	C:\Windows\System32\gdi32full.dll
0x00007ffbdb4e0000 - 0x00007ffbdb57e000 	C:\Windows\System32\msvcrt.dll
0x00007ffbd93b0000 - 0x00007ffbd944d000 	C:\Windows\System32\msvcp_win.dll
0x00007ffbda680000 - 0x00007ffbda6af000 	C:\Windows\System32\IMM32.DLL
0x00007ffbbb9d0000 - 0x00007ffbbb9dc000 	C:\Users\ssginc29\.jdks\corretto-17.0.14\bin\vcruntime140_1.dll
0x00007ffb99620000 - 0x00007ffb996ad000 	C:\Users\ssginc29\.jdks\corretto-17.0.14\bin\msvcp140.dll
0x00007ffb96dd0000 - 0x00007ffb97a3c000 	C:\Users\ssginc29\.jdks\corretto-17.0.14\bin\server\jvm.dll
0x00007ffbd9710000 - 0x00007ffbd97c1000 	C:\Windows\System32\ADVAPI32.dll
0x00007ffbdb5f0000 - 0x00007ffbdb68f000 	C:\Windows\System32\sechost.dll
0x00007ffbda360000 - 0x00007ffbda483000 	C:\Windows\System32\RPCRT4.dll
0x00007ffbd9630000 - 0x00007ffbd9657000 	C:\Windows\System32\bcrypt.dll
0x00007ffbda610000 - 0x00007ffbda67b000 	C:\Windows\System32\WS2_32.dll
0x00007ffbca220000 - 0x00007ffbca247000 	C:\Windows\SYSTEM32\WINMM.dll
0x00007ffbd8280000 - 0x00007ffbd82cb000 	C:\Windows\SYSTEM32\POWRPROF.dll
0x00007ffbd3840000 - 0x00007ffbd384a000 	C:\Windows\SYSTEM32\VERSION.dll
0x00007ffbd8140000 - 0x00007ffbd8152000 	C:\Windows\SYSTEM32\UMPDC.dll
0x00007ffbd7560000 - 0x00007ffbd7572000 	C:\Windows\SYSTEM32\kernel.appcore.dll
0x00007ffbb8370000 - 0x00007ffbb837a000 	C:\Users\ssginc29\.jdks\corretto-17.0.14\bin\jimage.dll
0x00007ffbd6ad0000 - 0x00007ffbd6cd1000 	C:\Windows\SYSTEM32\DBGHELP.DLL
0x00007ffbcd810000 - 0x00007ffbcd844000 	C:\Windows\SYSTEM32\dbgcore.DLL
0x00007ffbd95a0000 - 0x00007ffbd9622000 	C:\Windows\System32\bcryptPrimitives.dll
0x00007ffbb6120000 - 0x00007ffbb612e000 	C:\Users\ssginc29\.jdks\corretto-17.0.14\bin\instrument.dll
0x00007ffbb0e10000 - 0x00007ffbb0e35000 	C:\Users\ssginc29\.jdks\corretto-17.0.14\bin\java.dll

dbghelp: loaded successfully - version: 4.0.5 - missing functions: none
symbol engine: initialized successfully - sym options: 0x614 - pdb path: .;C:\Users\ssginc29\.jdks\corretto-17.0.14\bin;C:\Windows\SYSTEM32;C:\Windows\WinSxS\amd64_microsoft.windows.common-controls_6595b64144ccf1df_6.0.19041.5915_none_60b4b9d171f9c7c7;C:\Users\ssginc29\.jdks\corretto-17.0.14\bin\server

VM Arguments:
jvm_args: -XX:TieredStopAtLevel=1 -Dspring.output.ansi.enabled=always -Dcom.sun.management.jmxremote -Dspring.jmx.enabled=true -Dspring.liveBeansView.mbeanDomain -Dspring.application.admin.enabled=true -Dmanagement.endpoints.jmx.exposure.include=* -javaagent:C:\Program Files\JetBrains\IntelliJ IDEA 2024.3.4.1\lib\idea_rt.jar=57458 -Dfile.encoding=UTF-8 
java_command: com.parkmate.reviewservice.ReviewserviceApplication
java_class_path (initial): C:\Users\ssginc29\Desktop\workspace\reviewservice\build\classes\java\main;C:\Users\ssginc29\Desktop\workspace\reviewservice\build\resources\main;C:\Users\ssginc29\.gradle\caches\modules-2\files-2.1\org.projectlombok\lombok\1.18.32\17d46b3e205515e1e8efd3ee4d57ce8018914163\lombok-1.18.32.jar;C:\Users\ssginc29\.gradle\caches\modules-2\files-2.1\org.springframework.boot\spring-boot-starter-data-jpa\3.3.1\f12725d58a944eaf4d44334a6a7b0fe14ed08577\spring-boot-starter-data-jpa-3.3.1.jar;C:\Users\ssginc29\.gradle\caches\modules-2\files-2.1\org.springframework.boot\spring-boot-starter-web\3.3.1\ec812e82a010d089438b6ac98ebe294f2e540f71\spring-boot-starter-web-3.3.1.jar;C:\Users\ssginc29\.gradle\caches\modules-2\files-2.1\org.springframework.cloud\spring-cloud-starter-netflix-eureka-client\4.1.1\9548b9b7bfed0108b2fc34982752ff312f08bcaa\spring-cloud-starter-netflix-eureka-client-4.1.1.jar;C:\Users\ssginc29\.gradle\caches\modules-2\files-2.1\org.springdoc\springdoc-openapi-starter-webmvc-ui\2.3.0\b4af31e9d40539c94f8debbf760134d961333c24\springdoc-openapi-starter-webmvc-ui-2.3.0.jar;C:\Users\ssginc29\.gradle\caches\modules-2\files-2.1\org.springframework.kafka\spring-kafka\3.2.1\ebd9d79b63e9b343f589168a1441f4686a1daeda\spring-kafka-3.2.1.jar;C:\Users\ssginc29\.gradle\caches\modules-2\files-2.1\org.springframework.boot\spring-boot-starter-aop\3.3.1\19da2c8abacda5bed6fadfe3e76e4b61e9cc0f09\spring-boot-starter-aop-3.3.1.jar;C:\Users\ssginc29\.gradle\caches\modules-2\files-2.1\org.springframework.boot\spring-boot-starter-jdbc\3.3.1\73e79247180d277b68801ff5f4f9e9ab66210335\spring-boot-starter-jdbc-3.3.1.jar;C:\Users\ssginc29\.gradle\caches\modules-2\files-2.1\org.hibernate.orm\hibernate-core\6.5.2.Final\e9e0cc47f6cd2b2553968aee66bd9e55e7485221\hibernate-core-6.5.2.Final.jar;C:\Users\ssginc29\.gradle\caches\modules-2\files-2.1\org.springframework.data\spring-data-jpa\3.3.1\bf75f2140be9325d78de2c1c88eb9b7388a41bb1\spring-data-jpa-3.3.1.jar;C:\Users\ssginc29\.
Launcher Type: SUN_STANDARD

[Global flags]
     intx CICompilerCount                          = 4                                         {product} {ergonomic}
     uint ConcGCThreads                            = 3                                         {product} {ergonomic}
     uint G1ConcRefinementThreads                  = 10                                        {product} {ergonomic}
   size_t G1HeapRegionSize                         = 2097152                                   {product} {ergonomic}
    uintx GCDrainStackTargetSize                   = 64                                        {product} {ergonomic}
   size_t InitialHeapSize                          = 264241152                                 {product} {ergonomic}
     bool ManagementServer                         = true                                      {product} {command line}
   size_t MarkStackSize                            = 4194304                                   {product} {ergonomic}
   size_t MaxHeapSize                              = 4227858432                                {product} {ergonomic}
   size_t MinHeapDeltaBytes                        = 2097152                                   {product} {ergonomic}
   size_t MinHeapSize                              = 8388608                                   {product} {ergonomic}
    uintx NonProfiledCodeHeapSize                  = 0                                      {pd product} {ergonomic}
     bool ProfileInterpreter                       = false                                  {pd product} {command line}
    uintx ProfiledCodeHeapSize                     = 0                                      {pd product} {ergonomic}
   size_t SoftMaxHeapSize                          = 4227858432                             {manageable} {ergonomic}
     intx TieredStopAtLevel                        = 1                                         {product} {command line}
     bool UseCompressedClassPointers               = true                           {product lp64_product} {ergonomic}
     bool UseCompressedOops                        = true                           {product lp64_product} {ergonomic}
     bool UseG1GC                                  = true                                      {product} {ergonomic}
     bool UseLargePagesIndividualAllocation        = false                                  {pd product} {ergonomic}

Logging:
Log output configuration:
 #0: stdout all=warning uptime,level,tags
 #1: stderr all=off uptime,level,tags

Environment Variables:
PATH=C:\Windows\system32;C:\Windows;C:\Windows\System32\Wbem;C:\Windows\System32\WindowsPowerShell\v1.0\;C:\Windows\System32\OpenSSH\;C:\Program Files\Bandizip\;C:\Program Files\Git\cmd;C:\Program Files\Docker\Docker\resources\bin;C:\Program Files\nodejs\;C:\ProgramData\chocolatey\bin;C:\Users\ssginc29\AppData\Local\Programs\Python\Python313\Scripts\;C:\Users\ssginc29\AppData\Local\Programs\Python\Python313\;C:\Users\ssginc29\AppData\Local\Programs\Python\Launcher\;C:\Users\ssginc29\AppData\Local\Microsoft\WindowsApps;C:\Users\ssginc29\AppData\Local\Programs\Microsoft VS Code\bin;C:\Program Files\JetBrains\IntelliJ IDEA 2024.3.4.1\bin;;C:\Users\ssginc29\AppData\Roaming\npm;C:\Users\ssginc29\Desktop\cursor\resources\app\bin
USERNAME=ssginc29
OS=Windows_NT
PROCESSOR_IDENTIFIER=Intel64 Family 6 Model 141 Stepping 1, GenuineIntel
TMP=C:\Users\ssginc29\AppData\Local\Temp
TEMP=C:\Users\ssginc29\AppData\Local\Temp



Periodic native trim disabled


---------------  S Y S T E M  ---------------

OS:
 Windows 10 , 64 bit Build 19041 (10.0.19041.5915)
OS uptime: 6 days 23:04 hours
Hyper-V role detected

CPU: total 12 (initial active 12) (6 cores per cpu, 2 threads per core) family 6 model 141 stepping 1 microcode 0x34, cx8, cmov, fxsr, ht, mmx, 3dnowpref, sse, sse2, sse3, ssse3, sse4.1, sse4.2, popcnt, lzcnt, tsc, tscinvbit, avx, avx2, aes, erms, clmul, bmi1, bmi2, adx, avx512f, avx512dq, avx512cd, avx512bw, avx512vl, sha, fma, vzeroupper, avx512_vpopcntdq, avx512_vpclmulqdq, avx512_vaes, avx512_vnni, clflush, clflushopt, clwb, avx512_vbmi2, avx512_vbmi, hv
Processor Information for all 12 processors :
  Max Mhz: 2918, Current Mhz: 2918, Mhz Limit: 2918

Memory: 4k page, system-wide physical 16121M (621M free)
TotalPageFile size 38277M (AvailPageFile size 5M)
current process WorkingSet (physical memory assigned to process): 11M, peak: 11M
current process commit charge ("private bytes"): 312M, peak: 316M

vm_info: OpenJDK 64-Bit Server VM (17.0.14+7-LTS) for windows-amd64 JRE (17.0.14+7-LTS), built on Jan  7 2025 20:14:24 by "Administrator" with MS VC++ 16.10 / 16.11 (VS2019)

END.
